<?xml version="1.0" encoding="UTF-8"?>
<!-- Generated by org.testng.reporters.JUnitReportReporter -->
<testsuite hostname="DESKTOP-2A362MI" failures="0" tests="1" name="com.obsqura.pages.MobileSlider" time="10.337" errors="0" timestamp="2023-09-12T23:48:29 IST" skipped="0">
  <testcase classname="com.obsqura.pages.MobileSlider" name="MobileSliderTest" time="10.337"/>
  <system-out/>
</testsuite> <!-- com.obsqura.pages.MobileSlider -->
