<?xml version="1.0" encoding="UTF-8"?>
<!-- Generated by org.testng.reporters.JUnitReportReporter -->
<testsuite hostname="DESKTOP-2A362MI" failures="0" tests="1" name="com.obsqura.tests.ManagePaymentMethods" time="9.818" errors="0" timestamp="2023-09-20T00:10:52 IST" skipped="0">
  <testcase classname="com.obsqura.tests.ManagePaymentMethods" name="mangementPaymentTest" time="9.818"/>
  <system-out/>
</testsuite> <!-- com.obsqura.tests.ManagePaymentMethods -->
