<?xml version="1.0" encoding="UTF-8"?>
<!-- Generated by org.testng.reporters.JUnitReportReporter -->
<testsuite hostname="DESKTOP-2A362MI" failures="0" tests="1" name="com.obsqura.tests.CreateandDeleteExpense" time="48.809" errors="0" timestamp="2023-09-20T00:10:52 IST" skipped="0">
  <testcase classname="com.obsqura.tests.CreateandDeleteExpense" name="MyCreateDeleteExpense" time="48.809"/>
  <system-out/>
</testsuite> <!-- com.obsqura.tests.CreateandDeleteExpense -->
