<?xml version="1.0" encoding="UTF-8"?>
<!-- Generated by org.testng.reporters.JUnitReportReporter -->
<testsuite hostname="DESKTOP-2A362MI" failures="0" tests="1" name="com.obsqura.tests.SearchProductTest" time="30.149" errors="0" timestamp="2023-09-20T01:30:45 IST" skipped="0">
  <testcase classname="com.obsqura.tests.SearchProductTest" name="MySearchProductTest" time="30.149"/>
  <system-out/>
</testsuite> <!-- com.obsqura.tests.SearchProductTest -->
