<?xml version="1.0" encoding="UTF-8"?>
<!-- Generated by org.testng.reporters.JUnitReportReporter -->
<testsuite hostname="DESKTOP-2A362MI" failures="0" tests="1" name="com.obsqura.tests.CreateDeliveryBoy" time="39.444" errors="0" timestamp="2023-09-20T00:10:52 IST" skipped="0">
  <testcase classname="com.obsqura.tests.CreateDeliveryBoy" name="CreateDeliveryBoyTest" time="39.444"/>
  <system-out/>
</testsuite> <!-- com.obsqura.tests.CreateDeliveryBoy -->
