<?xml version="1.0" encoding="UTF-8"?>
<!-- Generated by org.testng.reporters.JUnitReportReporter -->
<testsuite hostname="DESKTOP-2A362MI" failures="0" tests="1" name="com.obsqura.tests.LoginTest" time="32.028" errors="0" timestamp="2023-09-20T00:12:43 IST" skipped="0">
  <testcase classname="com.obsqura.tests.LoginTest" name="MyLoginTest" time="32.028"/>
  <system-out/>
</testsuite> <!-- com.obsqura.tests.LoginTest -->
