<?xml version="1.0" encoding="UTF-8"?>
<!-- Generated by org.testng.reporters.JUnitReportReporter -->
<testsuite hostname="DESKTOP-2A362MI" failures="0" tests="1" name="com.obsqura.tests.ListCategoryTest" time="18.095" errors="0" timestamp="2023-09-20T01:12:03 IST" skipped="0">
  <testcase classname="com.obsqura.tests.ListCategoryTest" name="ManageCategoryTest" time="18.095"/>
  <system-out/>
</testsuite> <!-- com.obsqura.tests.ListCategoryTest -->
